<?xml version="1.0" encoding="UTF-8"?>
<!-- Generated by org.testng.reporters.JUnitXMLReporter -->
<testsuite hostname="28APO2678" name="Ver Tareas Completadas Alumno FireFox Test" tests="1" failures="0" timestamp="22 Aug 2016 07:06:55 GMT" time="0.047" errors="0">
  <testcase name="@BeforeTest openBrowser" time="0.0" classname="comPageObjectsTestSaviaDigital.EscribirAnotacionTareaRealizada">
    <failure type="org.testng.TestNGException" message="
Method openBrowser requires 1 parameters but 0 were supplied in the @Configuration annotation.">
      <![CDATA[org.testng.TestNGException: 
Method openBrowser requires 1 parameters but 0 were supplied in the @Configuration annotation.
	at java.util.concurrent.FutureTask.run(Unknown Source)
	at java.util.concurrent.ThreadPoolExecutor.runWorker(Unknown Source)
	at java.util.concurrent.ThreadPoolExecutor$Worker.run(Unknown Source)
	at java.lang.Thread.run(Unknown Source)
... Removed 12 stack frames]]>
    </failure>
  </testcase> <!-- @BeforeTest openBrowser -->
  <testcase name="@AfterTest afterTest" time="0.0" classname="comPageObjectsTestSaviaDigital.EscribirAnotacionTareaRealizada">
    <skipped/>
  </testcase> <!-- @AfterTest afterTest -->
  <testcase name="EscribirAnotacion" time="0.01" classname="comPageObjectsTestSaviaDigital.EscribirAnotacionTareaRealizada">
    <skipped/>
  </testcase> <!-- EscribirAnotacion -->
</testsuite> <!-- Ver Tareas Completadas Alumno FireFox Test -->
