<?xml version="1.0" encoding="UTF-8"?>
<!-- Generated by org.testng.reporters.JUnitXMLReporter -->
<testsuite hostname="28APO2678" name="MOOD58 IE Test" tests="1" failures="0" timestamp="2 Jun 2016 22:10:45 GMT" time="0.01" errors="0">
  <testcase name="@BeforeTest openBrowser" time="0.0" classname="compageObjectsTestsaviaDigital.RecursosDidacticos">
    <failure type="org.testng.TestNGException" message="
Parameter &amp;apos;browser&amp;apos; is required by @Configuration on method openBrowser but has not been marked @Optional or defined
in C:\Users\sonia.cepedano\workspace\qatNavegador\PantallaBloques.xml">
      <![CDATA[org.testng.TestNGException: 
Parameter 'browser' is required by @Configuration on method openBrowser but has not been marked @Optional or defined
in C:\Users\sonia.cepedano\workspace\qatNavegador\PantallaBloques.xml
	at java.util.concurrent.FutureTask.run(Unknown Source)
	at java.util.concurrent.ThreadPoolExecutor.runWorker(Unknown Source)
	at java.util.concurrent.ThreadPoolExecutor$Worker.run(Unknown Source)
	at java.lang.Thread.run(Unknown Source)
... Removed 11 stack frames]]>
    </failure>
  </testcase> <!-- @BeforeTest openBrowser -->
  <testcase name="@AfterTest tearDown" time="0.0" classname="compageObjectsTestsaviaDigital.RecursosDidacticos">
    <skipped/>
  </testcase> <!-- @AfterTest tearDown -->
  <testcase name="SeleccionarLibroprofe" time="0.0" classname="compageObjectsTestsaviaDigital.RecursosDidacticos">
    <skipped/>
  </testcase> <!-- SeleccionarLibroprofe -->
</testsuite> <!-- MOOD58 IE Test -->
